-------------------------------------------------------------------------------
Test set: org.example.courier.tests.LoginCourierTest
-------------------------------------------------------------------------------
Tests run: 4, Failures: 1, Errors: 0, Skipped: 0, Time elapsed: 65.745 s <<< FAILURE! - in org.example.courier.tests.LoginCourierTest
loginCourierOnlyWithLoginTest  Time elapsed: 62.144 s  <<< FAILURE!
org.opentest4j.AssertionFailedError: expected: <400> but was: <504>
	at org.example.courier.tests.LoginCourierTest.loginCourierOnlyWithLoginTest(LoginCourierTest.java:54)

