<?xml version="1.0" encoding="UTF-8"?>
<testsuite xmlns:xsi="http://www.w3.org/2001/XMLSchema-instance" xsi:noNamespaceSchemaLocation="https://maven.apache.org/surefire/maven-surefire-plugin/xsd/surefire-test-report.xsd" name="org.example.parameterized.tests.ParameterizedTests" time="3.599" tests="4" errors="0" skipped="0" failures="0">
  <properties>
[...]
</properties>
  <testcase name="createOrderWithoutColorTest{ColoursEnum}[1]" classname="org.example.parameterized.tests.ParameterizedTests" time="0.899"/>
  <testcase name="createOrderWithoutColorTest{ColoursEnum}[2]" classname="org.example.parameterized.tests.ParameterizedTests" time="0.871"/>
  <testcase name="createOrderWithoutColorTest{ColoursEnum}[3]" classname="org.example.parameterized.tests.ParameterizedTests" time="0.949"/>
  <testcase name="createOrderWithoutColorTest{ColoursEnum}[4]" classname="org.example.parameterized.tests.ParameterizedTests" time="0.849"/>
</testsuite>